File containing the auxiliar calculation matrices

Core matrices

Overlap [S] = 
  1.0000000     0.61565089     0.28282059     0.13325672     0.66607913E-01 0.34450332E-01
 0.61565089      1.0000000     0.75152600     0.42543220     0.22732114     0.12067880    
 0.28282059     0.75152600      1.0000000     0.81497831     0.51741618     0.29623148    
 0.13325672     0.42543220     0.81497831      1.0000000     0.85056276     0.57260191    
 0.66607913E-01 0.22732114     0.51741618     0.85056276      1.0000000     0.86679856    
 0.34450332E-01 0.12067880     0.29623148     0.57260191     0.86679856      1.0000000    
 
Nuclear [Vnuc] = 
 -9.5110007     -4.5040389     -1.9502237    -0.90405189    -0.44948776    -0.23201482    
 -4.5040389     -4.0725401     -2.4482701     -1.2826469    -0.66672507    -0.35018189    
 -1.9502237     -2.4482701     -2.1540772     -1.4388500    -0.83903133    -0.46343815    
-0.90405189     -1.2826469     -1.4388500     -1.2625300    -0.89470384    -0.55054953    
-0.44948776    -0.66672507    -0.83903133    -0.89470384    -0.78675906    -0.57298073    
-0.23201482    -0.35018189    -0.46343815    -0.55054953    -0.57298073    -0.50491008    
 
Kinetic [T] = 
  53.284829      10.165614      1.4705857     0.24590512     0.48242391E-01 0.10317641E-01
  10.165614      9.7697151      3.2100944     0.72885669     0.15980536     0.35695668E-01
  1.4705857      3.2100944      2.7332142      1.1391061     0.33290540     0.84335766E-01
 0.24590512     0.72885669      1.1391061     0.93893286     0.44676438     0.14826144    
 0.48242391E-01 0.15980536     0.33290540     0.44676438     0.36461510     0.18438995    
 0.10317641E-01 0.35695668E-01 0.84335766E-01 0.14826144     0.18438995     0.15016864    
 
HCORE [HC] = 
  43.773829      5.6615747    -0.47963797    -0.65814677    -0.40124536    -0.22169718    
  5.6615747      5.6971750     0.76182430    -0.55379017    -0.50691971    -0.31448623    
-0.47963797     0.76182430     0.57913705    -0.29974384    -0.50612593    -0.37910239    
-0.65814677    -0.55379017    -0.29974384    -0.32359710    -0.44793946    -0.40228809    
-0.40124536    -0.50691971    -0.50612593    -0.44793946    -0.42214395    -0.38859078    
-0.22169718    -0.31448623    -0.37910239    -0.40228809    -0.38859078    -0.35474144    
 
S diagonalization matrices

AutoValues S = 
 0.14501555E-01  0.0000000      0.0000000      0.0000000      0.0000000      0.0000000    
  0.0000000     0.78898705E-01  0.0000000      0.0000000      0.0000000      0.0000000    
  0.0000000      0.0000000     0.26992367      0.0000000      0.0000000      0.0000000    
  0.0000000      0.0000000      0.0000000     0.71238128      0.0000000      0.0000000    
  0.0000000      0.0000000      0.0000000      0.0000000      1.5896865      0.0000000    
  0.0000000      0.0000000      0.0000000      0.0000000      0.0000000      3.3346083    
 
AutoVectors S = 
-0.41143694E-01 0.16842944    -0.41959661     0.65884315    -0.56590814     0.19887454    
 0.16051971    -0.46270588     0.58167492    -0.70440185E-01-0.53641723     0.35928500    
-0.39080191     0.58719949     0.26451672E-01-0.48610165    -0.21835906     0.46668560    
 0.62373176    -0.13644881    -0.49543077    -0.27344276     0.13966224     0.50260549    
-0.60046252    -0.48122669    -0.14078573     0.17500512     0.37280671     0.46736857    
 0.26498669     0.40315524     0.46863740     0.46826418     0.43108405     0.37752098    
 
AutoValues S**(-1/2) = 
  8.3041026      0.0000000      0.0000000      0.0000000      0.0000000      0.0000000    
  0.0000000      3.5601235      0.0000000      0.0000000      0.0000000      0.0000000    
  0.0000000      0.0000000      1.9247730      0.0000000      0.0000000      0.0000000    
  0.0000000      0.0000000      0.0000000      1.1847965      0.0000000      0.0000000    
  0.0000000      0.0000000      0.0000000      0.0000000     0.79312978      0.0000000    
  0.0000000      0.0000000      0.0000000      0.0000000      0.0000000     0.54761784    
 
AutoVector S Transposed = 
-0.41143694E-01 0.16051971    -0.39080191     0.62373176    -0.60046252     0.26498669    
 0.16842944    -0.46270588     0.58719949    -0.13644881    -0.48122669     0.40315524    
-0.41959661     0.58167492     0.26451672E-01-0.49543077    -0.14078573     0.46863740    
 0.65884315    -0.70440185E-01-0.48610165    -0.27344276     0.17500512     0.46826418    
-0.56590814    -0.53641723    -0.21835906     0.13966224     0.37280671     0.43108405    
 0.19887454     0.35928500     0.46668560     0.50260549     0.46736857     0.37752098    
 
U * s**(-1/2) = 
-0.34166145     0.59962961    -0.80762822     0.78059503    -0.44883860     0.10890725    
  1.3329721     -1.6472901      1.1195922    -0.83457283E-01-0.42544848     0.19675088    
 -3.2452592      2.0905027     0.50913464E-01-0.57593151    -0.17318707     0.25556536    
  5.1795325    -0.48577463    -0.95359177    -0.32397401     0.11077028     0.27523574    
 -4.9863024     -1.7132264    -0.27098057     0.20734544     0.29568410     0.25593937    
  2.2004766      1.4352825     0.90202060     0.55479775     0.34190560     0.20673722    
 
X (U*s-1/2*U) = 
  1.2438805    -0.57716438     0.23364592    -0.11619646     0.50477565E-01-0.14124403E-01
-0.57716438      1.9322041     -1.2333108     0.56379720    -0.24656280     0.65582474E-01
 0.23364592     -1.2333108      2.9341892     -2.0728967     0.88956987    -0.24115839    
-0.11619646     0.56379720     -2.0728967      4.0117548     -2.6288600     0.72972894    
 0.50477565E-01-0.24656280     0.88956987     -2.6288600      4.1228257     -1.8178120    
-0.14124403E-01 0.65582474E-01-0.24115839     0.72972894     -1.8178120      2.0696888    
 
XSX = 
  1.0000000     0.73948009E-15 0.45796700E-15 0.42847670E-15-0.13530843E-15 0.16132928E-15
 0.80117120E-15  1.0000000     0.18127860E-15-0.48572257E-16-0.13877788E-16-0.40939474E-15
 0.70104512E-15-0.27061686E-15  1.0000000    -0.31571967E-14 0.21649349E-14-0.86042284E-15
 0.46100276E-15-0.28969882E-15-0.20400348E-14  1.0000000    -0.37747583E-14 0.18318680E-14
-0.22724878E-15 0.40245585E-15 0.14849233E-14-0.30531133E-14  1.0000000    -0.17763568E-14
 0.86736174E-16-0.34000580E-15-0.10547119E-14 0.21094237E-14-0.13322676E-14  1.0000000    
 
[X] = 
  1.2438805    -0.57716438     0.23364592    -0.11619646     0.50477565E-01-0.14124403E-01
-0.57716438      1.9322041     -1.2333108     0.56379720    -0.24656280     0.65582474E-01
 0.23364592     -1.2333108      2.9341892     -2.0728967     0.88956987    -0.24115839    
-0.11619646     0.56379720     -2.0728967      4.0117548     -2.6288600     0.72972894    
 0.50477565E-01-0.24656280     0.88956987     -2.6288600      4.1228257     -1.8178120    
-0.14124403E-01 0.65582474E-01-0.24115839     0.72972894     -1.8178120      2.0696888    
 
Initial Guess matrices

[F'] =
  61.148198     -20.983498      5.3589498     -3.4138154      1.3381468    -0.43522992    
 -20.983498      19.466722     -7.9304183      2.3253921     -1.2978043     0.28852275    
  5.3589498     -7.9304183      6.4085244     -3.0077646     0.67332918    -0.28457409    
 -3.4138154      2.3253921     -3.0077646      2.1672587     -1.0604464     0.58935759E-01
  1.3381468     -1.2978043     0.67332918     -1.0604464     0.49815501    -0.26965643    
-0.43522992     0.28852275    -0.28457409     0.58935759E-01-0.26965643    -0.13195664    
 
[C'] =
 0.37526217E-01-0.25634092E-01-0.55962687E-01 0.91950217E-01 0.40052250     0.90880677    
 0.13385076    -0.10257061    -0.17693590     0.50692034     0.72804289    -0.39146168    
 0.30708217    -0.22496913    -0.50738494     0.55109170    -0.52724476     0.12633626    
 0.50181422    -0.39689078    -0.39574614    -0.63502371     0.16336977    -0.64034340E-01
 0.59337093    -0.27520191     0.73511859     0.16257221    -0.68114644E-01 0.26573957E-01
 0.53147881     0.83961460    -0.10539465    -0.34496853E-01 0.14796927E-01-0.77841717E-02
 
Orbital    1  Energy =  -0.49985966                                                                 
Orbital    2  Energy =  -0.01713961                                                                 
Orbital    3  Energy =   0.85346193                                                                 
Orbital    4  Energy =   3.69019204                                                                 
Orbital    5  Energy =  14.31520682                                                                 
Orbital    6  Energy =  71.21504041                                                                 

Initial FOCK = 
  43.773829      5.6615747    -0.47963797    -0.65814677    -0.40124536    -0.22169718    
  5.6615747      5.6971750     0.76182430    -0.55379017    -0.50691971    -0.31448623    
-0.47963797     0.76182430     0.57913705    -0.29974384    -0.50612593    -0.37910239    
-0.65814677    -0.55379017    -0.29974384    -0.32359710    -0.44793946    -0.40228809    
-0.40124536    -0.50691971    -0.50612593    -0.44793946    -0.42214395    -0.38859078    
-0.22169718    -0.31448623    -0.37910239    -0.40228809    -0.38859078    -0.35474144    
 
Initial COEF = 
 0.53088020E-02-0.48820384E-02-0.14582887E-02 0.33040053E-01-0.67817108E-01  1.3947946    
 0.29714378E-01-0.67827669E-02-0.95098767E-01-0.15363543      1.9356892     -1.4798917    
 0.10419071    -0.16416768     0.21607511      2.4825779     -2.7541684      1.2240806    
 0.27565660     0.15541722     -2.6385665     -3.8673525      2.3021142    -0.92061677    
 0.40309974     -1.7936303      3.8521613      2.7722424     -1.3655110     0.54682644    
 0.32174012      1.9962720     -1.7316822    -0.93127268     0.44289951    -0.18012141    
 
SCF matrices

  SCF Step    1                                                                                     
[P] =
 0.28183378E-04 0.15774775E-03 0.55312785E-03 0.14634063E-02 0.21399767E-02 0.17080546E-02
 0.15774775E-03 0.88294425E-03 0.30959621E-02 0.81909644E-02 0.11977858E-01 0.95603076E-02
 0.55312785E-03 0.30959621E-02 0.10855704E-01 0.28720857E-01 0.41999248E-01 0.33522332E-01
 0.14634063E-02 0.81909644E-02 0.28720857E-01 0.75986562E-01 0.11111710     0.88689789E-01
 0.21399767E-02 0.11977858E-01 0.41999248E-01 0.11111710     0.16248940     0.12969336    
 0.17080546E-02 0.95603076E-02 0.33522332E-01 0.88689789E-01 0.12969336     0.10351671    
 
[J]=
 0.98873340     0.60429259     0.27700592     0.13043467     0.65183621E-01 0.33710990E-01
 0.60429259     0.94861061     0.69617221     0.39008693     0.20761987     0.11004791    
 0.27700592     0.69617221     0.86400222     0.67032654     0.41515135     0.23503744    
 0.13043467     0.39008693     0.67032654     0.73498986     0.57771006     0.37226656    
 0.65183621E-01 0.20761987     0.41515135     0.57771006     0.58271061     0.45332491    
 0.33710990E-01 0.11004791     0.23503744     0.37226656     0.45332491     0.43260714    
 
[Vxc] =
 -1.1049816    -0.68010945    -0.31144406    -0.14659018    -0.73246443E-01-0.37878689E-01
-0.68010945     -1.0304288    -0.73835356    -0.40991723    -0.21743456    -0.11509662    
-0.31144406    -0.73835356    -0.86784154    -0.65298958    -0.39874362    -0.22436092    
-0.14659018    -0.40991723    -0.65298958    -0.67416140    -0.50952154    -0.32129761    
-0.73246443E-01-0.21743456    -0.39874362    -0.50952154    -0.47573385    -0.34895220    
-0.37878689E-01-0.11509662    -0.22436092    -0.32129761    -0.34895220    -0.29563773    
 
[F'] =
  61.042439     -21.006444      5.3560446     -3.4151292      1.3370106    -0.43551545    
 -21.006444      19.403215     -7.9513791      2.3112186     -1.2985892     0.28583123    
  5.3560446     -7.9513791      6.4446861     -3.0264393     0.66199779    -0.28709911    
 -3.4151292      2.3112186     -3.0264393      2.2702992     -1.0749547     0.51677444E-01
  1.3370106     -1.2985892     0.66199779     -1.0749547     0.63923440    -0.27790983    
-0.43551545     0.28583123    -0.28709911     0.51677444E-01-0.27790983     0.25847271E-01
 
[C'] =
 0.42108064E-01-0.25763588E-01-0.56125069E-01 0.92774654E-01 0.40048620     0.90852451    
 0.15082692    -0.10275376    -0.17918031     0.50624803     0.72433726    -0.39196400    
 0.34099934    -0.22350905    -0.49880905     0.53512576    -0.53154336     0.12670738    
 0.53490624    -0.37063690    -0.35528203    -0.64707965     0.16566428    -0.64199367E-01
 0.58925827    -0.20826155     0.75838099     0.16973393    -0.68849516E-01 0.26650211E-01
 0.47523427     0.87067619    -0.12069332    -0.34993482E-01 0.14935719E-01-0.78021171E-02
 
Orbital    1  Energy =  -0.41445421                                                                 
Orbital    2  Energy =   0.12317831                                                                 
Orbital    3  Energy =   0.95950254                                                                 
Orbital    4  Energy =   3.73932678                                                                 
Orbital    5  Energy =  14.28167122                                                                 
Orbital    6  Energy =  71.13649658                                                                 

[F] =
  43.657581      5.5857578    -0.51407611    -0.67430228    -0.40930819    -0.22586488    
  5.5857578      5.6153568     0.71964295    -0.57362047    -0.51673440    -0.31953494    
-0.51407611     0.71964295     0.57529773    -0.28240688    -0.48971820    -0.36842586    
-0.67430228    -0.57362047    -0.28240688    -0.26276864    -0.37975093    -0.35131914    
-0.40930819    -0.51673440    -0.48971820    -0.37975093    -0.31516720    -0.28421807    
-0.22586488    -0.31953494    -0.36842586    -0.35131914    -0.28421807    -0.21777204    
 
[C] =
 0.58762916E-02-0.47066155E-02-0.16726266E-02 0.32492589E-01-0.67033526E-01  1.3948435    
 0.34023460E-01-0.85286762E-02-0.93843865E-01-0.14431483      1.9353355     -1.4812701    
 0.12515275    -0.16205214     0.18447352      2.4682339     -2.7676631      1.2261374    
 0.31691394     0.10431629     -2.5675754     -3.9022867      2.3201780    -0.92251208    
 0.42760894     -1.6417913      3.8776778      2.8203696     -1.3777371     0.54804702    
 0.22982489      1.9576708     -1.7783176    -0.95032219     0.44699113    -0.18053605    
 
  SCF Step    2                                                                                     
[P] =
 0.34530803E-04 0.19993177E-03 0.73543407E-03 0.18622787E-02 0.25127548E-02 0.13505181E-02
 0.19993177E-03 0.11575959E-02 0.42581297E-02 0.10782509E-01 0.14548736E-01 0.78194381E-02
 0.73543407E-03 0.42581297E-02 0.15663211E-01 0.39662652E-01 0.53516435E-01 0.28763218E-01
 0.18622787E-02 0.10782509E-01 0.39662652E-01 0.10043445     0.13551523     0.72834712E-01
 0.25127548E-02 0.14548736E-01 0.53516435E-01 0.13551523     0.18284940     0.98275177E-01
 0.13505181E-02 0.78194381E-02 0.28763218E-01 0.72834712E-01 0.98275177E-01 0.52819481E-01
 
[J]=
  1.0721010     0.65465144     0.30001049     0.14125592     0.70589618E-01 0.36506450E-01
 0.65465144      1.0234350     0.74902109     0.41921498     0.22302519     0.11819285    
 0.30001049     0.74902109     0.92260233     0.71229468     0.44011162     0.24891222    
 0.14125592     0.41921498     0.71229468     0.77324219     0.60406947     0.38804481    
 0.70589618E-01 0.22302519     0.44011162     0.60406947     0.60319470     0.46652381    
 0.36506450E-01 0.11819285     0.24891222     0.38804481     0.46652381     0.44157999    
 
[Vxc] =
 -1.1805001    -0.72606274    -0.33241426    -0.15645024    -0.78171502E-01-0.40425303E-01
-0.72606274     -1.0960396    -0.78330217    -0.43437562    -0.23030724    -0.12188934    
-0.33241426    -0.78330217    -0.91351517    -0.68357097    -0.41625880    -0.23392264    
-0.15645024    -0.43437562    -0.68357097    -0.69689406    -0.52205535    -0.32758182    
-0.78171502E-01-0.23030724    -0.41625880    -0.52205535    -0.47905710    -0.34707290    
-0.40425303E-01-0.12188934    -0.23392264    -0.32758182    -0.34707290    -0.28753947    
 
[F'] =
  61.050992     -21.007798      5.3559349     -3.4152359      1.3369637    -0.43552847    
 -21.007798      19.413319     -7.9522679      2.3105618     -1.2985906     0.28568657    
  5.3559349     -7.9522679      6.4593960     -3.0270434     0.66145775    -0.28708189    
 -3.4152359      2.3105618     -3.0270434      2.2871908     -1.0751003     0.51066244E-01
  1.3369637     -1.2985906     0.66145775     -1.0751003     0.65647096    -0.27628244    
-0.43552847     0.28568657    -0.28708189     0.51066244E-01-0.27628244     0.41449068E-01
 
[C'] =
 0.42270454E-01-0.25712875E-01-0.56173718E-01 0.92821348E-01 0.40048407     0.90851157    
 0.15139475    -0.10264537    -0.17938345     0.50624563     0.72417266    -0.39198783    
 0.34208366    -0.22288204    -0.49875083     0.53454743    -0.53174268     0.12672310    
 0.53566459    -0.36940322    -0.35455338    -0.64753564     0.16574635    -0.64205487E-01
 0.58850546    -0.20828402     0.75893533     0.16983567    -0.68860625E-01 0.26651783E-01
 0.47433783     0.87136984    -0.11925927    -0.34814378E-01 0.14918279E-01-0.78010050E-02
 
Orbital    1  Energy =  -0.39833014                                                                 
Orbital    2  Energy =   0.13846972                                                                 
Orbital    3  Energy =   0.97543162                                                                 
Orbital    4  Energy =   3.75392313                                                                 
Orbital    5  Energy =  14.29288587                                                                 
Orbital    6  Energy =  71.14643724                                                                 

[F] =
  43.665430      5.5901634    -0.51204173    -0.67334109    -0.40882725    -0.22561603    
  5.5901634      5.6245704     0.72754322    -0.56895081    -0.51420176    -0.31818271    
-0.51204173     0.72754322     0.58822421    -0.27102012    -0.48227311    -0.36411282    
-0.67334109    -0.56895081    -0.27102012    -0.24724897    -0.36592534    -0.34182510    
-0.40882725    -0.51420176    -0.48227311    -0.36592534    -0.29800636    -0.26913988    
-0.22561603    -0.31818271    -0.36411282    -0.34182510    -0.26913988    -0.20070092    
 
[C] =
 0.58904461E-02-0.47138786E-02-0.16792336E-02 0.32472522E-01-0.66997588E-01  1.3948456    
 0.34243968E-01-0.83752288E-02-0.93911919E-01-0.14390358      1.9353124     -1.4813318    
 0.12564652    -0.16307877     0.18352042      2.4675434     -2.7682212      1.2262237    
 0.31933470     0.10858624     -2.5652926     -3.9030607      2.3208443    -0.92258446    
 0.42497398     -1.6458545      3.8755403      2.8211507     -1.3781038     0.54808677    
 0.22966484      1.9599027     -1.7758522    -0.95033054     0.44707242    -0.18054624    
 
  SCF Step    3                                                                                     
[P] =
 0.34697355E-04 0.20171224E-03 0.74011408E-03 0.18810238E-02 0.25032863E-02 0.13528284E-02
 0.20171224E-03 0.11726493E-02 0.43026355E-02 0.10935287E-01 0.14552795E-01 0.78646355E-02
 0.74011408E-03 0.43026355E-02 0.15787049E-01 0.40123296E-01 0.53396503E-01 0.28856589E-01
 0.18810238E-02 0.10935287E-01 0.40123296E-01 0.10197465     0.13570894     0.73339955E-01
 0.25032863E-02 0.14552795E-01 0.53396503E-01 0.13570894     0.18060288     0.97601582E-01
 0.13528284E-02 0.78646355E-02 0.28856589E-01 0.73339955E-01 0.97601582E-01 0.52745940E-01
 
[J]=
  1.0745303     0.65611349     0.30067765     0.14156965     0.70746333E-01 0.36587485E-01
 0.65611349      1.0255710     0.75051294     0.42003333     0.22345722     0.11842111    
 0.30067765     0.75051294     0.92420533     0.71341836     0.44077282     0.24927800    
 0.14156965     0.42003333     0.71341836     0.77421850     0.60472067     0.38842783    
 0.70746333E-01 0.22345722     0.44077282     0.60472067     0.60367151     0.46681957    
 0.36587485E-01 0.11842111     0.24927800     0.38842783     0.46681957     0.44176986    
 
[Vxc] =
 -1.1829552    -0.72755108    -0.33309253    -0.15676902    -0.78330713E-01-0.40507622E-01
-0.72755108     -1.0981110    -0.78469578    -0.43512831    -0.23070227    -0.12209756    
-0.33309253    -0.78469578    -0.91486388    -0.68444176    -0.41674728    -0.23418662    
-0.15676902    -0.43512831    -0.68444176    -0.69746907    -0.52232846    -0.32770072    
-0.78330713E-01-0.23070227    -0.41674728    -0.52232846    -0.47905398    -0.34696270    
-0.40507622E-01-0.12209756    -0.23418662    -0.32770072    -0.34696270    -0.28733197    
 
[F'] =
  61.050993     -21.007856      5.3559252     -3.4152392      1.3369594    -0.43552900    
 -21.007856      19.413425     -7.9523126      2.3105275     -1.2985862     0.28568011    
  5.3559252     -7.9523126      6.4597459     -3.0270795     0.66141182    -0.28708527    
 -3.4152392      2.3105275     -3.0270795      2.2876487     -1.0750711     0.51044028E-01
  1.3369594     -1.2985862     0.66141182     -1.0750711     0.65690347    -0.27612928    
-0.43552900     0.28568011    -0.28708527     0.51044028E-01-0.27612928     0.41666453E-01
 
[C'] =
 0.42277591E-01-0.25709631E-01-0.56176888E-01 0.92824095E-01 0.40048397     0.90851090    
 0.15141948    -0.10264013    -0.17939432     0.50624650     0.72416425    -0.39198908    
 0.34213061    -0.22284190    -0.49875275     0.53452180    -0.53175307     0.12672392    
 0.53567548    -0.36935339    -0.35454530    -0.64755838     0.16575052    -0.64205797E-01
 0.58844006    -0.20839238     0.75895808     0.16982811    -0.68859563E-01 0.26651738E-01
 0.47436428     0.87137604    -0.11911250    -0.34801819E-01 0.14917154E-01-0.78009256E-02
 
Orbital    1  Energy =  -0.39790866                                                                 
Orbital    2  Energy =   0.13868499                                                                 
Orbital    3  Energy =   0.97579286                                                                 
Orbital    4  Energy =   3.75425582                                                                 
Orbital    5  Energy =  14.29305339                                                                 
Orbital    6  Energy =  71.14650402                                                                 

[F] =
  43.665404      5.5901371    -0.51205284    -0.67334614    -0.40882975    -0.22561732    
  5.5901371      5.6246351     0.72764146    -0.56888515    -0.51416476    -0.31816268    
-0.51205284     0.72764146     0.58847850    -0.27076724    -0.48210038    -0.36401101    
-0.67334614    -0.56888515    -0.27076724    -0.24684767    -0.36554725    -0.34156098    
-0.40882975    -0.51416476    -0.48210038    -0.36554725    -0.29752642    -0.26873391    
-0.22561732    -0.31816268    -0.36401101    -0.34156098    -0.26873391    -0.20030355    
 
[C] =
 0.58910803E-02-0.47148364E-02-0.16792148E-02 0.32471530E-01-0.66995705E-01  1.3948457    
 0.34253732E-01-0.83612671E-02-0.93920153E-01-0.14388200      1.9353110     -1.4813350    
 0.12566830    -0.16316786     0.18349554      2.4675052     -2.7682488      1.2262280    
 0.31948543     0.10899489     -2.5652147     -3.9030696      2.3208742    -0.92258785    
 0.42466363     -1.6464089      3.8753469      2.8211337     -1.3781155     0.54808826    
 0.22983664      1.9601395     -1.7755841    -0.95030120     0.44707316    -0.18054649    
 
  SCF Step    4                                                                                     
[P] =
 0.34704827E-04 0.20179148E-03 0.74032205E-03 0.18821143E-02 0.25017275E-02 0.13539861E-02
 0.20179148E-03 0.11733181E-02 0.43046083E-02 0.10943568E-01 0.14546314E-01 0.78727627E-02
 0.74032205E-03 0.43046083E-02 0.15792522E-01 0.40149192E-01 0.53366757E-01 0.28883181E-01
 0.18821143E-02 0.10943568E-01 0.40149192E-01 0.10207094     0.13567384     0.73429460E-01
 0.25017275E-02 0.14546314E-01 0.53366757E-01 0.13567384     0.18033920     0.97603263E-01
 0.13539861E-02 0.78727627E-02 0.28883181E-01 0.73429460E-01 0.97603263E-01 0.52824882E-01
 
[J]=
  1.0746126     0.65616271     0.30070007     0.14158019     0.70751596E-01 0.36590206E-01
 0.65616271      1.0256410     0.75056081     0.42005936     0.22347092     0.11842833    
 0.30070007     0.75056081     0.92425362     0.71345059     0.44079130     0.24928810    
 0.14158019     0.42005936     0.71345059     0.77424323     0.60473562     0.38843611    
 0.70751596E-01 0.22347092     0.44079130     0.60473562     0.60368029     0.46682413    
 0.36590206E-01 0.11842833     0.24928810     0.38843611     0.46682413     0.44177189    
 
[Vxc] =
 -1.1830589    -0.72761373    -0.33312105    -0.15678242    -0.78337405E-01-0.40511082E-01
-0.72761373     -1.0981966    -0.78475249    -0.43515872    -0.23071818    -0.12210594    
-0.33312105    -0.78475249    -0.91491559    -0.68447317    -0.41676423    -0.23419560    
-0.15678242    -0.43515872    -0.68447317    -0.69748517    -0.52233318    -0.32770146    
-0.78337405E-01-0.23071818    -0.41676423    -0.52233318    -0.47904887    -0.34695680    
-0.40511082E-01-0.12210594    -0.23419560    -0.32770146    -0.34695680    -0.28732806    
 
[F'] =
  61.050972     -21.007859      5.3559247     -3.4152393      1.3369591    -0.43552905    
 -21.007859      19.413412     -7.9523160      2.3105250     -1.2985858     0.28567981    
  5.3559247     -7.9523160      6.4597490     -3.0270828     0.66140786    -0.28708620    
 -3.4152393      2.3105250     -3.0270828      2.2876620     -1.0750681     0.51044482E-01
  1.3369591     -1.2985858     0.66140786     -1.0750681     0.65691429    -0.27611966    
-0.43552905     0.28567981    -0.28708620     0.51044482E-01-0.27611966     0.41659097E-01
 
[C'] =
 0.42278057E-01-0.25709567E-01-0.56177058E-01 0.92824256E-01 0.40048396     0.90851086    
 0.15142120    -0.10264028    -0.17939491     0.50624649     0.72416369    -0.39198916    
 0.34213380    -0.22284048    -0.49875252     0.53451986    -0.53175376     0.12672398    
 0.53567513    -0.36935181    -0.35454405    -0.64756018     0.16575085    -0.64205819E-01
 0.58843491    -0.20840021     0.75896010     0.16982737    -0.68859452E-01 0.26651733E-01
 0.47436817     0.87137518    -0.11910337    -0.34801372E-01 0.14917133E-01-0.78009243E-02
 
Orbital    1  Energy =  -0.39789911                                                                 
Orbital    2  Energy =   0.13867753                                                                 
Orbital    3  Energy =   0.97579825                                                                 
Orbital    4  Energy =   3.75425943                                                                 
Orbital    5  Energy =  14.29304534                                                                 
Orbital    6  Energy =  71.14648762                                                                 

[F] =
  43.665382      5.5901236    -0.51205894    -0.67334901    -0.40883117    -0.22561806    
  5.5901236      5.6246194     0.72763263    -0.56888953    -0.51416698    -0.31816383    
-0.51205894     0.72763263     0.58847509    -0.27076642    -0.48209885    -0.36400988    
-0.67334901    -0.56888953    -0.27076642    -0.24683905    -0.36553702    -0.34155344    
-0.40883117    -0.51416698    -0.48209885    -0.36553702    -0.29751253    -0.26872344    
-0.22561806    -0.31816383    -0.36400988    -0.34155344    -0.26872344    -0.20029761    
 
[C] =
 0.58911373E-02-0.47149046E-02-0.16792019E-02 0.32471448E-01-0.66995585E-01  1.3948457    
 0.34254179E-01-0.83605798E-02-0.93920678E-01-0.14388053      1.9353109     -1.4813352    
 0.12567088    -0.16317353     0.18349390      2.4675025     -2.7682507      1.2262283    
 0.31949468     0.10901815     -2.5652091     -3.9030706      2.3208764    -0.92258809    
 0.42463871     -1.6464424      3.8753356      2.8211328     -1.3781163     0.54808837    
 0.22985313      1.9601528     -1.7755681    -0.95029978     0.44707328    -0.18054651    
 
  SCF Step    5                                                                                     
[P] =
 0.34705498E-04 0.20179607E-03 0.74034439E-03 0.18821870E-02 0.25016049E-02 0.13540963E-02
 0.20179607E-03 0.11733488E-02 0.43047527E-02 0.10944028E-01 0.14545650E-01 0.78734303E-02
 0.74034439E-03 0.43047527E-02 0.15793169E-01 0.40151177E-01 0.53364719E-01 0.28885845E-01
 0.18821870E-02 0.10944028E-01 0.40151177E-01 0.10207685     0.13566981     0.73436852E-01
 0.25016049E-02 0.14545650E-01 0.53364719E-01 0.13566981     0.18031803     0.97604536E-01
 0.13540963E-02 0.78734303E-02 0.28885845E-01 0.73436852E-01 0.97604536E-01 0.52832462E-01
 
[J]=
  1.0746173     0.65616552     0.30070135     0.14158079     0.70751895E-01 0.36590361E-01
 0.65616552      1.0256449     0.75056343     0.42006077     0.22347166     0.11842872    
 0.30070135     0.75056343     0.92425609     0.71345215     0.44079217     0.24928857    
 0.14158079     0.42006077     0.71345215     0.77424423     0.60473613     0.38843636    
 0.70751895E-01 0.22347166     0.44079217     0.60473613     0.60368045     0.46682414    
 0.36590361E-01 0.11842872     0.24928857     0.38843636     0.46682414     0.44177181    
 
[Vxc] =
 -1.1830658    -0.72761787    -0.33312294    -0.15678331    -0.78337848E-01-0.40511311E-01
-0.72761787     -1.0982022    -0.78475622    -0.43516071    -0.23071923    -0.12210649    
-0.33312294    -0.78475622    -0.91491885    -0.68447506    -0.41676521    -0.23419611    
-0.15678331    -0.43516071    -0.68447506    -0.69748590    -0.52233322    -0.32770134    
-0.78337848E-01-0.23071923    -0.41676521    -0.52233322    -0.47904836    -0.34695638    
-0.40511311E-01-0.12210649    -0.23419611    -0.32770134    -0.34695638    -0.28732799    
 
[F'] =
  61.050970     -21.007859      5.3559247     -3.4152393      1.3369591    -0.43552905    
 -21.007859      19.413411     -7.9523163      2.3105248     -1.2985858     0.28567978    
  5.3559247     -7.9523163      6.4597488     -3.0270831     0.66140752    -0.28708630    
 -3.4152393      2.3105248     -3.0270831      2.2876627     -1.0750678     0.51044592E-01
  1.3369591     -1.2985858     0.66140752     -1.0750678     0.65691468    -0.27611897    
-0.43552905     0.28567978    -0.28708630     0.51044592E-01-0.27611897     0.41658057E-01
 
[C'] =
 0.42278094E-01-0.25709569E-01-0.56177070E-01 0.92824267E-01 0.40048396     0.90851085    
 0.15142135    -0.10264031    -0.17939496     0.50624649     0.72416364    -0.39198916    
 0.34213405    -0.22284043    -0.49875249     0.53451969    -0.53175382     0.12672398    
 0.53567505    -0.36935174    -0.35454391    -0.64756035     0.16575088    -0.64205821E-01
 0.58843450    -0.20840079     0.75896028     0.16982730    -0.68859442E-01 0.26651732E-01
 0.47436853     0.87137508    -0.11910273    -0.34801354E-01 0.14917134E-01-0.78009243E-02
 
Orbital    1  Energy =  -0.39789879                                                                 
Orbital    2  Energy =   0.13867648                                                                 
Orbital    3  Energy =   0.97579820                                                                 
Orbital    4  Energy =   3.75425927                                                                 
Orbital    5  Energy =  14.29304423                                                                 
Orbital    6  Energy =  71.14648580                                                                 

[F] =
  43.665380      5.5901223    -0.51205955    -0.67334929    -0.40883132    -0.22561813    
  5.5901223      5.6246177     0.72763151    -0.56889011    -0.51416728    -0.31816399    
-0.51205955     0.72763151     0.58847428    -0.27076674    -0.48209897    -0.36400993    
-0.67334929    -0.56889011    -0.27076674    -0.24683877    -0.36553655    -0.34155307    
-0.40883132    -0.51416728    -0.48209897    -0.36553655    -0.29751187    -0.26872302    
-0.22561813    -0.31816399    -0.36400993    -0.34155307    -0.26872302    -0.20029762    
 
[C] =
 0.58911425E-02-0.47149100E-02-0.16792003E-02 0.32471441E-01-0.66995575E-01  1.3948457    
 0.34254204E-01-0.83605387E-02-0.93920719E-01-0.14388041      1.9353109     -1.4813352    
 0.12567116    -0.16317396     0.18349376      2.4675023     -2.7682508      1.2262283    
 0.31949526     0.10901973     -2.5652086     -3.9030707      2.3208765    -0.92258811    
 0.42463677     -1.6464448      3.8753349      2.8211328     -1.3781164     0.54808837    
 0.22985450      1.9601536     -1.7755670    -0.95029969     0.44707330    -0.18054651    
 
  SCF Step    6                                                                                     
[P] =
 0.34705560E-04 0.20179639E-03 0.74034670E-03 0.18821921E-02 0.25015957E-02 0.13541056E-02
 0.20179639E-03 0.11733505E-02 0.43047655E-02 0.10944056E-01 0.14545594E-01 0.78734830E-02
 0.74034670E-03 0.43047655E-02 0.15793240E-01 0.40151340E-01 0.53364594E-01 0.28886082E-01
 0.18821921E-02 0.10944056E-01 0.40151340E-01 0.10207722     0.13566943     0.73437425E-01
 0.25015957E-02 0.14545594E-01 0.53364594E-01 0.13566943     0.18031638     0.97604673E-01
 0.13541056E-02 0.78734830E-02 0.28886082E-01 0.73437425E-01 0.97604673E-01 0.52833092E-01
 
[J]=
  1.0746176     0.65616572     0.30070144     0.14158083     0.70751918E-01 0.36590372E-01
 0.65616572      1.0256452     0.75056362     0.42006087     0.22347171     0.11842875    
 0.30070144     0.75056362     0.92425626     0.71345226     0.44079223     0.24928860    
 0.14158083     0.42006087     0.71345226     0.77424429     0.60473615     0.38843637    
 0.70751918E-01 0.22347171     0.44079223     0.60473615     0.60368045     0.46682413    
 0.36590372E-01 0.11842875     0.24928860     0.38843637     0.46682413     0.44177180    
 
[Vxc] =
 -1.1830663    -0.72761821    -0.33312309    -0.15678338    -0.78337883E-01-0.40511330E-01
-0.72761821     -1.0982027    -0.78475652    -0.43516087    -0.23071931    -0.12210653    
-0.33312309    -0.78475652    -0.91491911    -0.68447520    -0.41676528    -0.23419614    
-0.15678338    -0.43516087    -0.68447520    -0.69748594    -0.52233322    -0.32770133    
-0.78337883E-01-0.23071931    -0.41676528    -0.52233322    -0.47904832    -0.34695635    
-0.40511330E-01-0.12210653    -0.23419614    -0.32770133    -0.34695635    -0.28732799    
 
[F'] =
  61.050970     -21.007859      5.3559247     -3.4152393      1.3369591    -0.43552905    
 -21.007859      19.413411     -7.9523163      2.3105248     -1.2985858     0.28567978    
  5.3559247     -7.9523163      6.4597487     -3.0270831     0.66140749    -0.28708631    
 -3.4152393      2.3105248     -3.0270831      2.2876627     -1.0750678     0.51044604E-01
  1.3369591     -1.2985858     0.66140749     -1.0750678     0.65691470    -0.27611892    
-0.43552905     0.28567978    -0.28708631     0.51044604E-01-0.27611892     0.41657962E-01
 
[C'] =
 0.42278097E-01-0.25709570E-01-0.56177071E-01 0.92824268E-01 0.40048396     0.90851085    
 0.15142136    -0.10264032    -0.17939496     0.50624649     0.72416364    -0.39198916    
 0.34213408    -0.22284043    -0.49875248     0.53451968    -0.53175382     0.12672398    
 0.53567504    -0.36935174    -0.35454390    -0.64756036     0.16575088    -0.64205821E-01
 0.58843447    -0.20840084     0.75896029     0.16982729    -0.68859441E-01 0.26651732E-01
 0.47436856     0.87137507    -0.11910268    -0.34801354E-01 0.14917134E-01-0.78009243E-02
 
Orbital    1  Energy =  -0.39789877                                                                 
Orbital    2  Energy =   0.13867639                                                                 
Orbital    3  Energy =   0.97579818                                                                 
Orbital    4  Energy =   3.75425925                                                                 
Orbital    5  Energy =  14.29304412                                                                 
Orbital    6  Energy =  71.14648563                                                                 

[F] =
  43.665380      5.5901222    -0.51205961    -0.67334932    -0.40883133    -0.22561814    
  5.5901222      5.6246175     0.72763140    -0.56889017    -0.51416731    -0.31816401    
-0.51205961     0.72763140     0.58847420    -0.27076678    -0.48209898    -0.36400993    
-0.67334932    -0.56889017    -0.27076678    -0.24683875    -0.36553652    -0.34155305    
-0.40883133    -0.51416731    -0.48209898    -0.36553652    -0.29751182    -0.26872299    
-0.22561814    -0.31816401    -0.36400993    -0.34155305    -0.26872299    -0.20029764    
 
[C] =
 0.58911429E-02-0.47149105E-02-0.16792002E-02 0.32471440E-01-0.66995575E-01  1.3948457    
 0.34254206E-01-0.83605361E-02-0.93920722E-01-0.14388040      1.9353109     -1.4813352    
 0.12567119    -0.16317400     0.18349375      2.4675023     -2.7682509      1.2262283    
 0.31949530     0.10901985     -2.5652086     -3.9030707      2.3208765    -0.92258811    
 0.42463661     -1.6464449      3.8753348      2.8211328     -1.3781164     0.54808838    
 0.22985462      1.9601537     -1.7755669    -0.95029969     0.44707330    -0.18054651    
 
