File containing the calculation matrices

Core matrices

Overlap [S] = 
  1.0000000     0.61565089     0.28282059     0.13325672     0.66607913E-01 0.34450332E-01
 0.61565089      1.0000000     0.75152600     0.42543220     0.22732114     0.12067880    
 0.28282059     0.75152600      1.0000000     0.81497831     0.51741618     0.29623148    
 0.13325672     0.42543220     0.81497831      1.0000000     0.85056276     0.57260191    
 0.66607913E-01 0.22732114     0.51741618     0.85056276      1.0000000     0.86679856    
 0.34450332E-01 0.12067880     0.29623148     0.57260191     0.86679856      1.0000000    
 
Nuclear [Vnuc] = 
 -9.5110007     -4.5040389     -1.9502237    -0.90405189    -0.44948776    -0.23201482    
 -4.5040389     -4.0725401     -2.4482701     -1.2826469    -0.66672507    -0.35018189    
 -1.9502237     -2.4482701     -2.1540772     -1.4388500    -0.83903133    -0.46343815    
-0.90405189     -1.2826469     -1.4388500     -1.2625300    -0.89470384    -0.55054953    
-0.44948776    -0.66672507    -0.83903133    -0.89470384    -0.78675906    -0.57298073    
-0.23201482    -0.35018189    -0.46343815    -0.55054953    -0.57298073    -0.50491008    
 
Kinetic [T] = 
  53.284829      10.165614      1.4705857     0.24590512     0.48242391E-01 0.10317641E-01
  10.165614      9.7697151      3.2100944     0.72885669     0.15980536     0.35695668E-01
  1.4705857      3.2100944      2.7332142      1.1391061     0.33290540     0.84335766E-01
 0.24590512     0.72885669      1.1391061     0.93893286     0.44676438     0.14826144    
 0.48242391E-01 0.15980536     0.33290540     0.44676438     0.36461510     0.18438995    
 0.10317641E-01 0.35695668E-01 0.84335766E-01 0.14826144     0.18438995     0.15016864    
 
HCORE [HC] = 
  43.773829      5.6615747    -0.47963797    -0.65814677    -0.40124536    -0.22169718    
  5.6615747      5.6971750     0.76182430    -0.55379017    -0.50691971    -0.31448623    
-0.47963797     0.76182430     0.57913705    -0.29974384    -0.50612593    -0.37910239    
-0.65814677    -0.55379017    -0.29974384    -0.32359710    -0.44793946    -0.40228809    
-0.40124536    -0.50691971    -0.50612593    -0.44793946    -0.42214395    -0.38859078    
-0.22169718    -0.31448623    -0.37910239    -0.40228809    -0.38859078    -0.35474144    
 
S diagonalization matrices

AutoValues S = 
 0.14501555E-01  0.0000000      0.0000000      0.0000000      0.0000000      0.0000000    
  0.0000000     0.78898705E-01  0.0000000      0.0000000      0.0000000      0.0000000    
  0.0000000      0.0000000     0.26992367      0.0000000      0.0000000      0.0000000    
  0.0000000      0.0000000      0.0000000     0.71238128      0.0000000      0.0000000    
  0.0000000      0.0000000      0.0000000      0.0000000      1.5896865      0.0000000    
  0.0000000      0.0000000      0.0000000      0.0000000      0.0000000      3.3346083    
 
AutoVectors S = 
-0.41143694E-01 0.16842944    -0.41959661     0.65884315    -0.56590814     0.19887454    
 0.16051971    -0.46270588     0.58167492    -0.70440185E-01-0.53641723     0.35928500    
-0.39080191     0.58719949     0.26451672E-01-0.48610165    -0.21835906     0.46668560    
 0.62373176    -0.13644881    -0.49543077    -0.27344276     0.13966224     0.50260549    
-0.60046252    -0.48122669    -0.14078573     0.17500512     0.37280671     0.46736857    
 0.26498669     0.40315524     0.46863740     0.46826418     0.43108405     0.37752098    
 
AutoValues S**(-1/2) = 
  8.3041026      0.0000000      0.0000000      0.0000000      0.0000000      0.0000000    
  0.0000000      3.5601235      0.0000000      0.0000000      0.0000000      0.0000000    
  0.0000000      0.0000000      1.9247730      0.0000000      0.0000000      0.0000000    
  0.0000000      0.0000000      0.0000000      1.1847965      0.0000000      0.0000000    
  0.0000000      0.0000000      0.0000000      0.0000000     0.79312978      0.0000000    
  0.0000000      0.0000000      0.0000000      0.0000000      0.0000000     0.54761784    
 
AutoVector S Transposed = 
-0.41143694E-01 0.16051971    -0.39080191     0.62373176    -0.60046252     0.26498669    
 0.16842944    -0.46270588     0.58719949    -0.13644881    -0.48122669     0.40315524    
-0.41959661     0.58167492     0.26451672E-01-0.49543077    -0.14078573     0.46863740    
 0.65884315    -0.70440185E-01-0.48610165    -0.27344276     0.17500512     0.46826418    
-0.56590814    -0.53641723    -0.21835906     0.13966224     0.37280671     0.43108405    
 0.19887454     0.35928500     0.46668560     0.50260549     0.46736857     0.37752098    
 
U * s**(-1/2) = 
-0.34166145     0.59962961    -0.80762822     0.78059503    -0.44883860     0.10890725    
  1.3329721     -1.6472901      1.1195922    -0.83457283E-01-0.42544848     0.19675088    
 -3.2452592      2.0905027     0.50913464E-01-0.57593151    -0.17318707     0.25556536    
  5.1795325    -0.48577463    -0.95359177    -0.32397401     0.11077028     0.27523574    
 -4.9863024     -1.7132264    -0.27098057     0.20734544     0.29568410     0.25593937    
  2.2004766      1.4352825     0.90202060     0.55479775     0.34190560     0.20673722    
 
X (U*s-1/2*U) = 
  1.2438805    -0.57716438     0.23364592    -0.11619646     0.50477565E-01-0.14124403E-01
-0.57716438      1.9322041     -1.2333108     0.56379720    -0.24656280     0.65582474E-01
 0.23364592     -1.2333108      2.9341892     -2.0728967     0.88956987    -0.24115839    
-0.11619646     0.56379720     -2.0728967      4.0117548     -2.6288600     0.72972894    
 0.50477565E-01-0.24656280     0.88956987     -2.6288600      4.1228257     -1.8178120    
-0.14124403E-01 0.65582474E-01-0.24115839     0.72972894     -1.8178120      2.0696888    
 
XSX = 
  1.0000000     0.73948009E-15 0.45796700E-15 0.42847670E-15-0.13530843E-15 0.16132928E-15
 0.80117120E-15  1.0000000     0.18127860E-15-0.48572257E-16-0.13877788E-16-0.40939474E-15
 0.70104512E-15-0.27061686E-15  1.0000000    -0.31571967E-14 0.21649349E-14-0.86042284E-15
 0.46100276E-15-0.28969882E-15-0.20400348E-14  1.0000000    -0.37747583E-14 0.18318680E-14
-0.22724878E-15 0.40245585E-15 0.14849233E-14-0.30531133E-14  1.0000000    -0.17763568E-14
 0.86736174E-16-0.34000580E-15-0.10547119E-14 0.21094237E-14-0.13322676E-14  1.0000000    
 
[X] = 
  1.2438805    -0.57716438     0.23364592    -0.11619646     0.50477565E-01-0.14124403E-01
-0.57716438      1.9322041     -1.2333108     0.56379720    -0.24656280     0.65582474E-01
 0.23364592     -1.2333108      2.9341892     -2.0728967     0.88956987    -0.24115839    
-0.11619646     0.56379720     -2.0728967      4.0117548     -2.6288600     0.72972894    
 0.50477565E-01-0.24656280     0.88956987     -2.6288600      4.1228257     -1.8178120    
-0.14124403E-01 0.65582474E-01-0.24115839     0.72972894     -1.8178120      2.0696888    
 
Initial Guess matrices

[F'] =
  61.148198     -20.983498      5.3589498     -3.4138154      1.3381468    -0.43522992    
 -20.983498      19.466722     -7.9304183      2.3253921     -1.2978043     0.28852275    
  5.3589498     -7.9304183      6.4085244     -3.0077646     0.67332918    -0.28457409    
 -3.4138154      2.3253921     -3.0077646      2.1672587     -1.0604464     0.58935759E-01
  1.3381468     -1.2978043     0.67332918     -1.0604464     0.49815501    -0.26965643    
-0.43522992     0.28852275    -0.28457409     0.58935759E-01-0.26965643    -0.13195664    
 
[C'] =
 0.37526217E-01-0.25634092E-01-0.55962687E-01 0.91950217E-01 0.40052250     0.90880677    
 0.13385076    -0.10257061    -0.17693590     0.50692034     0.72804289    -0.39146168    
 0.30708217    -0.22496913    -0.50738494     0.55109170    -0.52724476     0.12633626    
 0.50181422    -0.39689078    -0.39574614    -0.63502371     0.16336977    -0.64034340E-01
 0.59337093    -0.27520191     0.73511859     0.16257221    -0.68114644E-01 0.26573957E-01
 0.53147881     0.83961460    -0.10539465    -0.34496853E-01 0.14796927E-01-0.77841717E-02
 
Orbital    1  Energy =  -0.49985966                                                                 
Orbital    2  Energy =  -0.01713961                                                                 
Orbital    3  Energy =   0.85346193                                                                 
Orbital    4  Energy =   3.69019204                                                                 
Orbital    5  Energy =  14.31520682                                                                 
Orbital    6  Energy =  71.21504041                                                                 

Initial FOCK = 
  43.773829      5.6615747    -0.47963797    -0.65814677    -0.40124536    -0.22169718    
  5.6615747      5.6971750     0.76182430    -0.55379017    -0.50691971    -0.31448623    
-0.47963797     0.76182430     0.57913705    -0.29974384    -0.50612593    -0.37910239    
-0.65814677    -0.55379017    -0.29974384    -0.32359710    -0.44793946    -0.40228809    
-0.40124536    -0.50691971    -0.50612593    -0.44793946    -0.42214395    -0.38859078    
-0.22169718    -0.31448623    -0.37910239    -0.40228809    -0.38859078    -0.35474144    
 
Initial COEF = 
 0.53088020E-02-0.48820384E-02-0.14582887E-02 0.33040053E-01-0.67817108E-01  1.3947946    
 0.29714378E-01-0.67827669E-02-0.95098767E-01-0.15363543      1.9356892     -1.4798917    
 0.10419071    -0.16416768     0.21607511      2.4825779     -2.7541684      1.2240806    
 0.27565660     0.15541722     -2.6385665     -3.8673525      2.3021142    -0.92061677    
 0.40309974     -1.7936303      3.8521613      2.7722424     -1.3655110     0.54682644    
 0.32174012      1.9962720     -1.7316822    -0.93127268     0.44289951    -0.18012141    
 
SCF matrices

  SCF Step    1                                                                                     
[P] =
 0.28183378E-04 0.15774775E-03 0.55312785E-03 0.14634063E-02 0.21399767E-02 0.17080546E-02
 0.15774775E-03 0.88294425E-03 0.30959621E-02 0.81909644E-02 0.11977858E-01 0.95603076E-02
 0.55312785E-03 0.30959621E-02 0.10855704E-01 0.28720857E-01 0.41999248E-01 0.33522332E-01
 0.14634063E-02 0.81909644E-02 0.28720857E-01 0.75986562E-01 0.11111710     0.88689789E-01
 0.21399767E-02 0.11977858E-01 0.41999248E-01 0.11111710     0.16248940     0.12969336    
 0.17080546E-02 0.95603076E-02 0.33522332E-01 0.88689789E-01 0.12969336     0.10351671    
 
[J]=
 0.98873340     0.60429259     0.27700592     0.13043467     0.65183621E-01 0.33710990E-01
 0.60429259     0.94861061     0.69617221     0.39008693     0.20761987     0.11004791    
 0.27700592     0.69617221     0.86400222     0.67032654     0.41515135     0.23503744    
 0.13043467     0.39008693     0.67032654     0.73498986     0.57771006     0.37226656    
 0.65183621E-01 0.20761987     0.41515135     0.57771006     0.58271061     0.45332491    
 0.33710990E-01 0.11004791     0.23503744     0.37226656     0.45332491     0.43260714    
 
[Vxc] =
-0.55249081    -0.34005472    -0.15572203    -0.73295091E-01-0.36623222E-01-0.18939345E-01
-0.34005472    -0.51521439    -0.36917678    -0.20495861    -0.10871728    -0.57548310E-01
-0.15572203    -0.36917678    -0.43392077    -0.32649479    -0.19937181    -0.11218046    
-0.73295091E-01-0.20495861    -0.32649479    -0.33708070    -0.25476077    -0.16064881    
-0.36623222E-01-0.10871728    -0.19937181    -0.25476077    -0.23786693    -0.17447610    
-0.18939345E-01-0.57548310E-01-0.11218046    -0.16064881    -0.17447610    -0.14781886    
 
[F'] =
  61.588820     -20.989598      5.3586415     -3.4144552      1.3384864    -0.43530462    
 -20.989598      19.900066     -7.9247731      2.3250091     -1.2976283     0.28903705    
  5.3586415     -7.9247731      6.8274911     -2.9873400     0.68070046    -0.28193492    
 -3.4144552      2.3250091     -2.9873400      2.5251698     -1.0283062     0.69487083E-01
  1.3384864     -1.2976283     0.68070046     -1.0283062     0.77903047    -0.23508872    
-0.43530462     0.28903705    -0.28193492     0.69487083E-01-0.23508872     0.93869957E-01
 
[C'] =
 0.32435530E-01-0.27024049E-01-0.57227777E-01 0.92237938E-01 0.40058342     0.90882765    
 0.11419705    -0.10867750    -0.17860658     0.50852310     0.72897252    -0.39147316    
 0.26149303    -0.23299974    -0.51841004     0.56151834    -0.52663672     0.12623178    
 0.43385817    -0.43735156    -0.44363267    -0.62732471     0.16143108    -0.63909826E-01
 0.56328160    -0.40040222     0.70299196     0.15157797    -0.67203734E-01 0.26494904E-01
 0.64187950     0.76260848    -0.71190328E-01-0.32884498E-01 0.14470970E-01-0.77557379E-02
 
Orbital    1  Energy =  -0.15089528                                                                 
Orbital    2  Energy =   0.23782639                                                                 
Orbital    3  Energy =   1.17051527                                                                 
Orbital    4  Energy =   4.06858300                                                                 
Orbital    5  Energy =  14.73129596                                                                 
Orbital    6  Energy =  71.65712279                                                                 

[F] =
  44.210071      5.9258125    -0.35835408    -0.60100719    -0.37268497    -0.20692554    
  5.9258125      6.1305712      1.0888197    -0.36866186    -0.40801712    -0.26198663    
-0.35835408      1.0888197      1.0092185     0.44087910E-01-0.29034639    -0.25624540    
-0.60100719    -0.36866186     0.44087910E-01 0.74312062E-01-0.12499016    -0.19067034    
-0.37268497    -0.40801712    -0.29034639    -0.12499016    -0.77300270E-01-0.10974197    
-0.20692554    -0.26198663    -0.25624540    -0.19067034    -0.10974197    -0.69953173E-01
 
[C] =
 0.44863729E-02-0.54933658E-02-0.11841659E-02 0.33436695E-01-0.67859962E-01  1.3947840    
 0.27248970E-01-0.48682229E-02-0.10083318    -0.15640673      1.9353613     -1.4797055    
 0.80948525E-01-0.18945682     0.24792655      2.4851340     -2.7486090      1.2234578    
 0.24670919     0.27940409     -2.6992003     -3.8271303      2.2909608    -0.91968099    
 0.22104011     -2.0691692      3.7739592      2.7126391     -1.3557517     0.54603244    
 0.56511961      2.0365143     -1.6348668    -0.90474539     0.43906777    -0.17980385    
 
  SCF Step    2                                                                                     
[P] =
 0.20127542E-04 0.12224904E-03 0.36316527E-03 0.11068294E-02 0.99166835E-03 0.25353373E-02
 0.12224904E-03 0.74250638E-03 0.22057640E-02 0.67225714E-02 0.60231154E-02 0.15398928E-01
 0.36316527E-03 0.22057640E-02 0.65526637E-02 0.19970745E-01 0.17892871E-01 0.45745599E-01
 0.11068294E-02 0.67225714E-02 0.19970745E-01 0.60865425E-01 0.54532627E-01 0.13942020    
 0.99166835E-03 0.60231154E-02 0.17892871E-01 0.54532627E-01 0.48858730E-01 0.12491410    
 0.25353373E-02 0.15398928E-01 0.45745599E-01 0.13942020     0.12491410     0.31936018    
 
[J]=
 0.86264182     0.52773683     0.24198189     0.11395231     0.56948285E-01 0.29452235E-01
 0.52773683     0.83219505     0.61267127     0.34376668     0.18306185     0.97051217E-01
 0.24198189     0.61267127     0.76742737     0.59923263     0.37230512     0.21108074    
 0.11395231     0.34376668     0.59923263     0.66639091     0.52872816     0.34240728    
 0.56948285E-01 0.18306185     0.37230512     0.52872816     0.54231273     0.42636720    
 0.29452235E-01 0.97051217E-01 0.21108074     0.34240728     0.42636720     0.41335747    
 
[Vxc] =
-0.50357714    -0.31005049    -0.14199454    -0.66835535E-01-0.33395866E-01-0.17270404E-01
-0.31005049    -0.47042310    -0.33752151    -0.18750729    -0.99486881E-01-0.52667979E-01
-0.14199454    -0.33752151    -0.39885408    -0.30155075    -0.18462819    -0.10401371    
-0.66835535E-01-0.18750729    -0.30155075    -0.31543968    -0.24101423    -0.15299284    
-0.33395866E-01-0.99486881E-01-0.18462819    -0.24101423    -0.23074921    -0.17276055    
-0.17270404E-01-0.52667979E-01-0.10401371    -0.15299284    -0.17276055    -0.15233887    
 
[F'] =
  61.511484     -20.990440      5.3582016     -3.4143142      1.3382086    -0.43530592    
 -20.990440      19.830508     -7.9285280      2.3230823     -1.2976116     0.28862919    
  5.3582016     -7.9285280      6.7728788     -2.9932215     0.67722840    -0.28285946    
 -3.4143142      2.3230823     -2.9932215      2.4896783     -1.0332410     0.67468345E-01
  1.3382086     -1.2976116     0.67722840     -1.0332410     0.75726671    -0.23846348    
-0.43530592     0.28862919    -0.28285946     0.67468345E-01-0.23846348     0.77257297E-01
 
[C'] =
 0.33811162E-01-0.26853049E-01-0.57101789E-01 0.92298537E-01 0.40057003     0.90879026    
 0.11946764    -0.10799576    -0.17875844     0.50821551     0.72837510    -0.39153101    
 0.27310180    -0.23181576    -0.51608677     0.55800044    -0.52727188     0.12629797    
 0.44919856    -0.42872589    -0.43230754    -0.63022691     0.16201706    -0.63948983E-01
 0.56926925    -0.37578608     0.71128301     0.15347270    -0.67358057E-01 0.26511275E-01
 0.61980067     0.78029239    -0.75006159E-01-0.33070653E-01 0.14528786E-01-0.77612636E-02
 
Orbital    1  Energy =  -0.18561596                                                                 
Orbital    2  Energy =   0.21409789                                                                 
Orbital    3  Energy =   1.13770657                                                                 
Orbital    4  Energy =   4.02172038                                                                 
Orbital    5  Energy =  14.66878002                                                                 
Orbital    6  Energy =  71.58238411                                                                 

[F] =
  44.132893      5.8792610    -0.37965062    -0.61102999    -0.37769295    -0.20951535    
  5.8792610      6.0589470      1.0369741    -0.39753079    -0.42334474    -0.27010299    
-0.37965062      1.0369741     0.94771034    -0.20619520E-02-0.31844899    -0.27203536    
-0.61102999    -0.39753079    -0.20619520E-02 0.27354126E-01-0.16022553    -0.21287365    
-0.37769295    -0.42334474    -0.31844899    -0.16022553    -0.11058044    -0.13498413    
-0.20951535    -0.27010299    -0.27203536    -0.21287365    -0.13498413    -0.93722847E-01
 
[C] =
 0.46994343E-02-0.54069887E-02-0.12405141E-02 0.33303158E-01-0.67756904E-01  1.3947918    
 0.28046187E-01-0.51564167E-02-0.99974067E-01-0.15481300      1.9353703     -1.4799038    
 0.87683869E-01-0.18703061     0.23978005      2.4829516     -2.7511049      1.2238117    
 0.25514676     0.26011046     -2.6832633     -3.8367782      2.2947409    -0.92005063    
 0.25463025     -2.0216091      3.7874165      2.7253680     -1.3584519     0.54628418    
 0.51725991      2.0344182     -1.6501437    -0.90986540     0.44000975    -0.17989284    
 
  SCF Step    3                                                                                     
[P] =
 0.22084683E-04 0.13180121E-03 0.41206458E-03 0.11990454E-02 0.11966181E-02 0.24308289E-02
 0.13180121E-03 0.78658862E-03 0.24591982E-02 0.71558938E-02 0.71414078E-02 0.14507168E-01
 0.41206458E-03 0.24591982E-02 0.76884609E-02 0.22372255E-01 0.22326966E-01 0.45355350E-01
 0.11990454E-02 0.71558938E-02 0.22372255E-01 0.65099868E-01 0.64968084E-01 0.13197719    
 0.11966181E-02 0.71414078E-02 0.22326966E-01 0.64968084E-01 0.64836566E-01 0.13171002    
 0.24308289E-02 0.14507168E-01 0.45355350E-01 0.13197719     0.13171002     0.26755781    
 
[J]=
 0.89239321     0.54578628     0.25023760     0.11783721     0.58889313E-01 0.30455994E-01
 0.54578628     0.85954953     0.63225004     0.35461819     0.18881324     0.10009460    
 0.25023760     0.63225004     0.78995181     0.61576381     0.38225465     0.21664070    
 0.11783721     0.35461819     0.61576381     0.68225941     0.54003067     0.34929001    
 0.58889313E-01 0.18881324     0.38225465     0.54003067     0.55160746     0.43256338    
 0.30455994E-01 0.10009460     0.21664070     0.34929001     0.43256338     0.41777936    
 
[Vxc] =
-0.51664239    -0.31804518    -0.14564950    -0.68555014E-01-0.34254897E-01-0.17714616E-01
-0.31804518    -0.48221106    -0.34578244    -0.19204547    -0.10188403    -0.53934742E-01
-0.14564950    -0.34578244    -0.40780036    -0.30782518    -0.18831272    -0.10604894    
-0.68555014E-01-0.19204547    -0.30782518    -0.32074548    -0.24435036    -0.15484845    
-0.34254897E-01-0.10188403    -0.18831272    -0.24435036    -0.23251811    -0.17329309    
-0.17714616E-01-0.53934742E-01-0.10604894    -0.15484845    -0.17329309    -0.15156804    
 
[F'] =
  61.528229     -20.990311      5.3582892     -3.4143446      1.3382648    -0.43530612    
 -20.990311      19.845672     -7.9277674      2.3234482     -1.2976118     0.28871226    
  5.3582892     -7.9277674      6.7850437     -2.9919446     0.67793716    -0.28266670    
 -3.4143446      2.3234482     -2.9919446      2.4977388     -1.0320211     0.67950394E-01
  1.3382648     -1.2976118     0.67793716     -1.0320211     0.76206037    -0.23752192    
-0.43530612     0.28871226    -0.28266670     0.67950394E-01-0.23752192     0.80571697E-01
 
[C'] =
 0.33502684E-01-0.26904004E-01-0.57135987E-01 0.92288628E-01 0.40057297     0.90879774    
 0.11828477    -0.10820172    -0.17874377     0.50828641     0.72849780    -0.39151968    
 0.27048494    -0.23216792    -0.51662207     0.55875627    -0.52714444     0.12628446    
 0.44566377    -0.43078206    -0.43485554    -0.62961465     0.16188971    -0.63940481E-01
 0.56783449    -0.38157945     0.70944518     0.15301630    -0.67320363E-01 0.26507448E-01
 0.62503758     0.77620265    -0.73999886E-01-0.33023778E-01 0.14515315E-01-0.77599850E-02
 
Orbital    1  Energy =  -0.17778215                                                                 
Orbital    2  Energy =   0.21901509                                                                 
Orbital    3  Energy =   1.14488957                                                                 
Orbital    4  Energy =   4.03209931                                                                 
Orbital    5  Energy =  14.68246617                                                                 
Orbital    6  Energy =  71.59862697                                                                 

[F] =
  44.149580      5.8893158    -0.37504986    -0.60886457    -0.37661095    -0.20895580    
  5.8893158      6.0745135      1.0482919    -0.39121745    -0.41999050    -0.26832636    
-0.37504986      1.0482919     0.96128850     0.81947960E-02-0.31218399    -0.26851063    
-0.60886457    -0.39121745     0.81947960E-02 0.37916829E-01-0.15225915    -0.20784653    
-0.37661095    -0.41999050    -0.31218399    -0.15225915    -0.10305461    -0.12932048    
-0.20895580    -0.26832636    -0.26851063    -0.20784653    -0.12932048    -0.88530120E-01
 
[C] =
 0.46513552E-02-0.54295239E-02-0.12275023E-02 0.33331668E-01-0.67777402E-01  1.3947902    
 0.27870382E-01-0.50897108E-02-0.10018322    -0.15514167      1.9353665     -1.4798637    
 0.86180302E-01-0.18772689     0.24158749      2.4833932     -2.7505808      1.2237385    
 0.25335278     0.26472694     -2.6867977     -3.8346136      2.2939257    -0.91997200    
 0.24643594     -2.0329194      3.7842271      2.7224461     -1.3578539     0.54622929    
 0.52868522      2.0350566     -1.6464490    -0.90866945     0.43979769    -0.17987314    
 
  SCF Step    4                                                                                     
[P] =
 0.21635105E-04 0.12963505E-03 0.40085519E-03 0.11784338E-02 0.11462611E-02 0.24591027E-02
 0.12963505E-03 0.77675822E-03 0.24018780E-02 0.70610389E-02 0.68682638E-02 0.14734659E-01
 0.40085519E-03 0.24018780E-02 0.74270444E-02 0.21834019E-01 0.21237923E-01 0.45562252E-01
 0.11784338E-02 0.70610389E-02 0.21834019E-01 0.64187632E-01 0.62435230E-01 0.13394387    
 0.11462611E-02 0.68682638E-02 0.21237923E-01 0.62435230E-01 0.60730671E-01 0.13028704    
 0.24591027E-02 0.14734659E-01 0.45562252E-01 0.13394387     0.13028704     0.27950807    
 
[J]=
 0.88555569     0.54163774     0.24834003     0.11694426     0.58443165E-01 0.30225278E-01
 0.54163774     0.85325964     0.62774684     0.35212201     0.18749019     0.99394489E-01
 0.24834003     0.62774684     0.78476723     0.61195693     0.37996291     0.21535991    
 0.11694426     0.35212201     0.61195693     0.67860174     0.53742407     0.34770230    
 0.58443165E-01 0.18749019     0.37996291     0.53742407     0.54946222     0.43113274    
 0.30225278E-01 0.99394489E-01 0.21535991     0.34770230     0.43113274     0.41675792    
 
[Vxc] =
-0.51371694    -0.31625458    -0.14483081    -0.68169851E-01-0.34062473E-01-0.17615111E-01
-0.31625458    -0.47956681    -0.34392728    -0.19102584    -0.10134535    -0.53650054E-01
-0.14483081    -0.34392728    -0.40578469    -0.30640829    -0.18747976    -0.10558862    
-0.68169851E-01-0.19102584    -0.30640829    -0.31954178    -0.24359185    -0.15442634    
-0.34062473E-01-0.10134535    -0.18747976    -0.24359185    -0.23211716    -0.17317630    
-0.17615111E-01-0.53650054E-01-0.10558862    -0.15442634    -0.17317630    -0.15175151    
 
[F'] =
  61.524304     -20.990344      5.3582683     -3.4143376      1.3382515    -0.43530624    
 -20.990344      19.842123     -7.9279487      2.3233600     -1.2976121     0.28869313    
  5.3582683     -7.9279487      6.7822109     -2.9922451     0.67777043    -0.28271468    
 -3.4143376      2.3233600     -2.9922451      2.4958739     -1.0323060     0.67846386E-01
  1.3382515     -1.2976121     0.67777043     -1.0323060     0.76096127    -0.23775036    
-0.43530624     0.28869313    -0.28271468     0.67846386E-01-0.23775036     0.79807336E-01
 
[C'] =
 0.33574883E-01-0.26893090E-01-0.57128071E-01 0.92291075E-01 0.40057228     0.90879595    
 0.11856190    -0.10815661    -0.17874762     0.50826985     0.72846859    -0.39152239    
 0.27109686    -0.23209337    -0.51649624     0.55857755    -0.52717487     0.12628767    
 0.44648859    -0.43031085    -0.43425434    -0.62975951     0.16191972    -0.63942485E-01
 0.56817336    -0.38022068     0.70987927     0.15312339    -0.67329263E-01 0.26508354E-01
 0.62381830     0.77715917    -0.74242216E-01-0.33036723E-01 0.14518726E-01-0.77603057E-02
 
Orbital    1  Energy =  -0.17959704                                                                 
Orbital    2  Energy =   0.21787613                                                                 
Orbital    3  Energy =   1.14322620                                                                 
Orbital    4  Energy =   4.02968417                                                                 
Orbital    5  Energy =  14.67926747                                                                 
Orbital    6  Energy =  71.59482345                                                                 

[F] =
  44.145667      5.8869578    -0.37612875    -0.60937236    -0.37686467    -0.20908701    
  5.8869578      6.0708678      1.0456439    -0.39269400    -0.42077487    -0.26874179    
-0.37612875      1.0456439     0.95811959     0.58048018E-02-0.31364277    -0.26933109    
-0.60937236    -0.39269400     0.58048018E-02 0.35462856E-01-0.15410723    -0.20901213    
-0.37686467    -0.42077487    -0.31364277    -0.15410723    -0.10479889    -0.13063434    
-0.20908701    -0.26874179    -0.26933109    -0.20901213    -0.13063434    -0.89735037E-01
 
[C] =
 0.46626671E-02-0.54242444E-02-0.12305589E-02 0.33324932E-01-0.67772500E-01  1.3947906    
 0.27911029E-01-0.51074022E-02-0.10013438    -0.15506359      1.9353673     -1.4798733    
 0.86536580E-01-0.18755997     0.24116167      2.4832884     -2.7507052      1.2237559    
 0.25376056     0.26361294     -2.6859678     -3.8351249      2.2941187    -0.91999064    
 0.24836082     -2.0302392      3.7849901      2.7231371     -1.3579956     0.54624231    
 0.52601716      2.0348950     -1.6473317    -0.90895463     0.43984826    -0.17987784    
 
  SCF Step    5                                                                                     
[P] =
 0.21740465E-04 0.13013984E-03 0.40349127E-03 0.11832010E-02 0.11580238E-02 0.24526429E-02
 0.13013984E-03 0.77902552E-03 0.24153250E-02 0.70827182E-02 0.69320059E-02 0.14681680E-01
 0.40349127E-03 0.24153250E-02 0.74885796E-02 0.21959571E-01 0.21492296E-01 0.45519726E-01
 0.11832010E-02 0.70827182E-02 0.21959571E-01 0.64394421E-01 0.63024179E-01 0.13348241    
 0.11580238E-02 0.69320059E-02 0.21492296E-01 0.63024179E-01 0.61683095E-01 0.13064205    
 0.24526429E-02 0.14681680E-01 0.45519726E-01 0.13348241     0.13064205     0.27669405    
 
[J]=
 0.88715200     0.54260628     0.24878305     0.11715273     0.58547325E-01 0.30279142E-01
 0.54260628     0.85472817     0.62879825     0.35270483     0.18779910     0.99557955E-01
 0.24878305     0.62879825     0.78597785     0.61284593     0.38049812     0.21565903    
 0.11715273     0.35270483     0.61284593     0.67945612     0.53803306     0.34807329    
 0.58547325E-01 0.18779910     0.38049812     0.53803306     0.54996363     0.43146722    
 0.30279142E-01 0.99557955E-01 0.21565903     0.34807329     0.43146722     0.41699683    
 
[Vxc] =
-0.51440257    -0.31667421    -0.14502267    -0.68260114E-01-0.34107567E-01-0.17638430E-01
-0.31667421    -0.48018642    -0.34436195    -0.19126473    -0.10147155    -0.53716751E-01
-0.14502267    -0.34436195    -0.40625678    -0.30674007    -0.18767479    -0.10569640    
-0.68260114E-01-0.19126473    -0.30674007    -0.31982363    -0.24376956    -0.15452530    
-0.34107567E-01-0.10147155    -0.18767479    -0.24376956    -0.23221148    -0.17320419    
-0.17638430E-01-0.53716751E-01-0.10569640    -0.15452530    -0.17320419    -0.15170936    
 
[F'] =
  61.525218     -20.990336      5.3582732     -3.4143392      1.3382546    -0.43530621    
 -20.990336      19.842949     -7.9279067      2.3233803     -1.2976121     0.28869756    
  5.3582732     -7.9279067      6.7828714     -2.9921752     0.67780918    -0.28270353    
 -3.4143392      2.3233803     -2.9921752      2.4963093     -1.0322394     0.67870756E-01
  1.3382546     -1.2976121     0.67780918     -1.0322394     0.76121769    -0.23769699    
-0.43530621     0.28869756    -0.28270353     0.67870756E-01-0.23769699     0.79985445E-01
 
[C'] =
 0.33558064E-01-0.26895661E-01-0.57129932E-01 0.92290512E-01 0.40057244     0.90879637    
 0.11849735    -0.10816723    -0.17874677     0.50827371     0.72847537    -0.39152176    
 0.27095426    -0.23211093    -0.51652561     0.55861911    -0.52716781     0.12628693    
 0.44629629    -0.43042088    -0.43439443    -0.62972586     0.16191273    -0.63942018E-01
 0.56809451    -0.38053758     0.70977816     0.15309837    -0.67327185E-01 0.26508143E-01
 0.62410277     0.77693629    -0.74185622E-01-0.33033719E-01 0.14517932E-01-0.77602310E-02
 
Orbital    1  Energy =  -0.17917340                                                                 
Orbital    2  Energy =   0.21814151                                                                 
Orbital    3  Energy =   1.14361394                                                                 
Orbital    4  Energy =   4.03024723                                                                 
Orbital    5  Energy =  14.68001267                                                                 
Orbital    6  Energy =  71.59570905                                                                 

[F] =
  44.146578      5.8875067    -0.37587759    -0.60925415    -0.37680561    -0.20905647    
  5.8875067      6.0717167      1.0462606    -0.39235007    -0.42059216    -0.26864502    
-0.37587759      1.0462606     0.95885811     0.63620260E-02-0.31330260    -0.26913975    
-0.60925415    -0.39235007     0.63620260E-02 0.36035380E-01-0.15367596    -0.20874010    
-0.37680561    -0.42059216    -0.31330260    -0.15367596    -0.10439180    -0.13032775    
-0.20905647    -0.26864502    -0.26913975    -0.20874010    -0.13032775    -0.89453968E-01
 
[C] =
 0.46600329E-02-0.54254791E-02-0.12298462E-02 0.33326498E-01-0.67773635E-01  1.3947905    
 0.27901550E-01-0.51032951E-02-0.10014580    -0.15508172      1.9353671     -1.4798711    
 0.86453738E-01-0.18759909     0.24126083      2.4833127     -2.7506763      1.2237518    
 0.25366511     0.26387272     -2.6861611     -3.8350058      2.2940738    -0.91998631    
 0.24791238     -2.0308645      3.7848122      2.7229760     -1.3579626     0.54623928    
 0.52663932      2.0349331     -1.6471258    -0.90888813     0.43983649    -0.17987675    
 
  SCF Step    6                                                                                     
[P] =
 0.21715906E-04 0.13002214E-03 0.40287726E-03 0.11820877E-02 0.11552798E-02 0.24541566E-02
 0.13002214E-03 0.77849652E-03 0.24121933E-02 0.70776497E-02 0.69171397E-02 0.14694054E-01
 0.40287726E-03 0.24121933E-02 0.74742487E-02 0.21930296E-01 0.21432952E-01 0.45529938E-01
 0.11820877E-02 0.70776497E-02 0.21930296E-01 0.64345986E-01 0.62886719E-01 0.13359002    
 0.11552798E-02 0.69171397E-02 0.21432952E-01 0.62886719E-01 0.61460546E-01 0.13056041    
 0.24541566E-02 0.14694054E-01 0.45529938E-01 0.13359002     0.13056041     0.27734898    
 
[J]=
 0.88677985     0.54238048     0.24867977     0.11710413     0.58523042E-01 0.30266585E-01
 0.54238048     0.85438581     0.62855314     0.35256896     0.18772709     0.99519846E-01
 0.24867977     0.62855314     0.78569562     0.61263869     0.38037335     0.21558930    
 0.11710413     0.35256896     0.61263869     0.67925695     0.53789110     0.34798681    
 0.58523042E-01 0.18772709     0.38037335     0.53789110     0.54984676     0.43138926    
 0.30266585E-01 0.99519846E-01 0.21558930     0.34798681     0.43138926     0.41694116    
 
[Vxc] =
-0.51424289    -0.31657648    -0.14497799    -0.68239091E-01-0.34097064E-01-0.17632999E-01
-0.31657648    -0.48004210    -0.34426070    -0.19120908    -0.10144215    -0.53701215E-01
-0.14497799    -0.34426070    -0.40614681    -0.30666277    -0.18762935    -0.10567129    
-0.68239091E-01-0.19120908    -0.30666277    -0.31975797    -0.24372817    -0.15450225    
-0.34097064E-01-0.10144215    -0.18762935    -0.24372817    -0.23218953    -0.17319772    
-0.17632999E-01-0.53701215E-01-0.10567129    -0.15450225    -0.17319772    -0.15171922    
 
[F'] =
  61.525005     -20.990338      5.3582720     -3.4143388      1.3382539    -0.43530621    
 -20.990338      19.842757     -7.9279165      2.3233756     -1.2976121     0.28869652    
  5.3582720     -7.9279165      6.7827173     -2.9921915     0.67780013    -0.28270613    
 -3.4143388      2.3233756     -2.9921915      2.4962078     -1.0322549     0.67865079E-01
  1.3382539     -1.2976121     0.67780013     -1.0322549     0.76115790    -0.23770943    
-0.43530621     0.28869652    -0.28270613     0.67865079E-01-0.23770943     0.79943898E-01
 
[C'] =
 0.33561987E-01-0.26895063E-01-0.57129499E-01 0.92290644E-01 0.40057240     0.90879627    
 0.11851241    -0.10816476    -0.17874697     0.50827281     0.72847379    -0.39152191    
 0.27098752    -0.23210685    -0.51651876     0.55860941    -0.52716946     0.12628710    
 0.44634113    -0.43039523    -0.43436176    -0.62973371     0.16191436    -0.63942127E-01
 0.56811291    -0.38046368     0.70980174     0.15310420    -0.67327669E-01 0.26508192E-01
 0.62403644     0.77698828    -0.74198813E-01-0.33034420E-01 0.14518117E-01-0.77602484E-02
 
Orbital    1  Energy =  -0.17927217                                                                 
Orbital    2  Energy =   0.21807961                                                                 
Orbital    3  Energy =   1.14352351                                                                 
Orbital    4  Energy =   4.03011592                                                                 
Orbital    5  Energy =  14.67983884                                                                 
Orbital    6  Energy =  71.59550245                                                                 

[F] =
  44.146366      5.8873787    -0.37593618    -0.60928173    -0.37681939    -0.20906360    
  5.8873787      6.0715187      1.0461167    -0.39243030    -0.42063478    -0.26866759    
-0.37593618      1.0461167     0.95868586     0.62320731E-02-0.31338193    -0.26918437    
-0.60928173    -0.39243030     0.62320731E-02 0.35901879E-01-0.15377652    -0.20880353    
-0.37681939    -0.42063478    -0.31338193    -0.15377652    -0.10448672    -0.13039923    
-0.20906360    -0.26866759    -0.26918437    -0.20880353    -0.13039923    -0.89519510E-01
 
[C] =
 0.46606474E-02-0.54251914E-02-0.12300124E-02 0.33326132E-01-0.67773370E-01  1.3947905    
 0.27903761E-01-0.51042538E-02-0.10014314    -0.15507749      1.9353672     -1.4798716    
 0.86473068E-01-0.18758998     0.24123770      2.4833071     -2.7506830      1.2237528    
 0.25368735     0.26381214     -2.6861160     -3.8350336      2.2940843    -0.91998732    
 0.24801697     -2.0307187      3.7848537      2.7230136     -1.3579703     0.54623999    
 0.52649424      2.0349242     -1.6471738    -0.90890364     0.43983923    -0.17987700    
 
  SCF Step    7                                                                                     
[P] =
 0.21721634E-04 0.13004959E-03 0.40302048E-03 0.11823473E-02 0.11559196E-02 0.24538040E-02
 0.13004959E-03 0.77861988E-03 0.24129238E-02 0.70788312E-02 0.69206061E-02 0.14691169E-01
 0.40302048E-03 0.24129238E-02 0.74775915E-02 0.21937124E-01 0.21446788E-01 0.45527572E-01
 0.11823473E-02 0.70788312E-02 0.21937124E-01 0.64357273E-01 0.62918767E-01 0.13356493    
 0.11559196E-02 0.69206061E-02 0.21446788E-01 0.62918767E-01 0.61512415E-01 0.13057950    
 0.24538040E-02 0.14691169E-01 0.45527572E-01 0.13356493     0.13057950     0.27719619    
 
[J]=
 0.88686664     0.54243314     0.24870385     0.11711547     0.58528705E-01 0.30269513E-01
 0.54243314     0.85446565     0.62861030     0.35260065     0.18774388     0.99528734E-01
 0.24870385     0.62861030     0.78576144     0.61268702     0.38040245     0.21560556    
 0.11711547     0.35260065     0.61268702     0.67930340     0.53792421     0.34800698    
 0.58528705E-01 0.18774388     0.38040245     0.53792421     0.54987402     0.43140745    
 0.30269513E-01 0.99528734E-01 0.21560556     0.34800698     0.43140745     0.41695414    
 
[Vxc] =
-0.51428014    -0.31659928    -0.14498841    -0.68243995E-01-0.34099514E-01-0.17634266E-01
-0.31659928    -0.48007576    -0.34428432    -0.19122206    -0.10144901    -0.53704839E-01
-0.14498841    -0.34428432    -0.40617246    -0.30668080    -0.18763995    -0.10567714    
-0.68243995E-01-0.19122206    -0.30668080    -0.31977329    -0.24373782    -0.15450763    
-0.34099514E-01-0.10144901    -0.18763995    -0.24373782    -0.23219465    -0.17319923    
-0.17634266E-01-0.53704839E-01-0.10567714    -0.15450763    -0.17319923    -0.15171692    
 
[F'] =
  61.525054     -20.990338      5.3582723     -3.4143389      1.3382541    -0.43530621    
 -20.990338      19.842802     -7.9279142      2.3233767     -1.2976121     0.28869677    
  5.3582723     -7.9279142      6.7827533     -2.9921877     0.67780224    -0.28270552    
 -3.4143389      2.3233767     -2.9921877      2.4962315     -1.0322513     0.67866403E-01
  1.3382541     -1.2976121     0.67780224     -1.0322513     0.76117184    -0.23770653    
-0.43530621     0.28869677    -0.28270552     0.67866403E-01-0.23770653     0.79953586E-01
 
[C'] =
 0.33561072E-01-0.26895202E-01-0.57129600E-01 0.92290613E-01 0.40057241     0.90879629    
 0.11850890    -0.10816534    -0.17874693     0.50827302     0.72847416    -0.39152188    
 0.27097976    -0.23210780    -0.51652036     0.55861167    -0.52716908     0.12628706    
 0.44633068    -0.43040121    -0.43436938    -0.62973188     0.16191398    -0.63942102E-01
 0.56810862    -0.38048092     0.70979624     0.15310284    -0.67327556E-01 0.26508180E-01
 0.62405191     0.77697616    -0.74195737E-01-0.33034257E-01 0.14518074E-01-0.77602444E-02
 
Orbital    1  Energy =  -0.17924914                                                                 
Orbital    2  Energy =   0.21809404                                                                 
Orbital    3  Energy =   1.14354460                                                                 
Orbital    4  Energy =   4.03014654                                                                 
Orbital    5  Energy =  14.67987938                                                                 
Orbital    6  Energy =  71.59555063                                                                 

[F] =
  44.146415      5.8874085    -0.37592252    -0.60927530    -0.37681617    -0.20906193    
  5.8874085      6.0715649      1.0461503    -0.39241159    -0.42062484    -0.26866233    
-0.37592252      1.0461503     0.95872603     0.62623773E-02-0.31336343    -0.26917397    
-0.60927530    -0.39241159     0.62623773E-02 0.35933012E-01-0.15375307    -0.20878874    
-0.37681617    -0.42062484    -0.31336343    -0.15375307    -0.10446458    -0.13038256    
-0.20906193    -0.26866233    -0.26917397    -0.20878874    -0.13038256    -0.89504226E-01
 
[C] =
 0.46605041E-02-0.54252585E-02-0.12299736E-02 0.33326218E-01-0.67773432E-01  1.3947905    
 0.27903246E-01-0.51040303E-02-0.10014376    -0.15507847      1.9353672     -1.4798715    
 0.86468561E-01-0.18759210     0.24124309      2.4833084     -2.7506815      1.2237525    
 0.25368216     0.26382627     -2.6861265     -3.8350271      2.2940818    -0.91998709    
 0.24799258     -2.0307527      3.7848440      2.7230048     -1.3579685     0.54623983    
 0.52652807      2.0349263     -1.6471626    -0.90890002     0.43983859    -0.17987694    
 
  SCF Step    8                                                                                     
[P] =
 0.21720298E-04 0.13004319E-03 0.40298708E-03 0.11822868E-02 0.11557704E-02 0.24538862E-02
 0.13004319E-03 0.77859111E-03 0.24127535E-02 0.70785557E-02 0.69197977E-02 0.14691842E-01
 0.40298708E-03 0.24127535E-02 0.74768120E-02 0.21935532E-01 0.21443561E-01 0.45528125E-01
 0.11822868E-02 0.70785557E-02 0.21935532E-01 0.64354640E-01 0.62911293E-01 0.13357078    
 0.11557704E-02 0.69197977E-02 0.21443561E-01 0.62911293E-01 0.61500318E-01 0.13057505    
 0.24538862E-02 0.14691842E-01 0.45528125E-01 0.13357078     0.13057505     0.27723181    
 
[J]=
 0.88684640     0.54242086     0.24869824     0.11711282     0.58527384E-01 0.30268831E-01
 0.54242086     0.85444703     0.62859697     0.35259326     0.18773997     0.99526661E-01
 0.24869824     0.62859697     0.78574610     0.61267575     0.38039566     0.21560177    
 0.11711282     0.35259326     0.61267575     0.67929257     0.53791649     0.34800228    
 0.58527384E-01 0.18773997     0.38039566     0.53791649     0.54986766     0.43140321    
 0.30268831E-01 0.99526661E-01 0.21560177     0.34800228     0.43140321     0.41695111    
 
[Vxc] =
-0.51427145    -0.31659396    -0.14498598    -0.68242851E-01-0.34098943E-01-0.17633970E-01
-0.31659396    -0.48006791    -0.34427881    -0.19121904    -0.10144741    -0.53703994E-01
-0.14498598    -0.34427881    -0.40616648    -0.30667660    -0.18763748    -0.10567578    
-0.68242851E-01-0.19121904    -0.30667660    -0.31976971    -0.24373557    -0.15450637    
-0.34098943E-01-0.10144741    -0.18763748    -0.24373557    -0.23219346    -0.17319887    
-0.17633970E-01-0.53703994E-01-0.10567578    -0.15450637    -0.17319887    -0.15171746    
 
[F'] =
  61.525043     -20.990338      5.3582722     -3.4143389      1.3382540    -0.43530621    
 -20.990338      19.842791     -7.9279147      2.3233764     -1.2976121     0.28869671    
  5.3582722     -7.9279147      6.7827449     -2.9921886     0.67780175    -0.28270567    
 -3.4143389      2.3233764     -2.9921886      2.4962259     -1.0322521     0.67866094E-01
  1.3382540     -1.2976121     0.67780175     -1.0322521     0.76116859    -0.23770721    
-0.43530621     0.28869671    -0.28270567     0.67866094E-01-0.23770721     0.79951327E-01
 
[C'] =
 0.33561286E-01-0.26895170E-01-0.57129576E-01 0.92290621E-01 0.40057241     0.90879629    
 0.11850971    -0.10816520    -0.17874694     0.50827297     0.72847407    -0.39152189    
 0.27098157    -0.23210758    -0.51651998     0.55861114    -0.52716917     0.12628707    
 0.44633311    -0.43039981    -0.43436760    -0.62973231     0.16191407    -0.63942108E-01
 0.56810962    -0.38047690     0.70979752     0.15310316    -0.67327583E-01 0.26508183E-01
 0.62404830     0.77697898    -0.74196454E-01-0.33034295E-01 0.14518084E-01-0.77602453E-02
 
Orbital    1  Energy =  -0.17925451                                                                 
Orbital    2  Energy =   0.21809067                                                                 
Orbital    3  Energy =   1.14353968                                                                 
Orbital    4  Energy =   4.03013940                                                                 
Orbital    5  Energy =  14.67986992                                                                 
Orbital    6  Energy =  71.59553939                                                                 

[F] =
  44.146404      5.8874016    -0.37592571    -0.60927680    -0.37681692    -0.20906232    
  5.8874016      6.0715541      1.0461425    -0.39241595    -0.42062716    -0.26866356    
-0.37592571      1.0461425     0.95871666     0.62553104E-02-0.31336774    -0.26917640    
-0.60927680    -0.39241595     0.62553104E-02 0.35925752E-01-0.15375854    -0.20879219    
-0.37681692    -0.42062716    -0.31336774    -0.15375854    -0.10446975    -0.13038645    
-0.20906232    -0.26866356    -0.26917640    -0.20879219    -0.13038645    -0.89507790E-01
 
[C] =
 0.46605375E-02-0.54252429E-02-0.12299827E-02 0.33326198E-01-0.67773418E-01  1.3947905    
 0.27903366E-01-0.51040824E-02-0.10014361    -0.15507824      1.9353672     -1.4798715    
 0.86469612E-01-0.18759161     0.24124183      2.4833081     -2.7506818      1.2237526    
 0.25368337     0.26382297     -2.6861241     -3.8350286      2.2940824    -0.91998714    
 0.24799826     -2.0307448      3.7848463      2.7230069     -1.3579690     0.54623986    
 0.52652018      2.0349258     -1.6471652    -0.90890087     0.43983874    -0.17987696    
 
  SCF Step    9                                                                                     
[P] =
 0.21720610E-04 0.13004468E-03 0.40299487E-03 0.11823009E-02 0.11558052E-02 0.24538671E-02
 0.13004468E-03 0.77859782E-03 0.24127932E-02 0.70786200E-02 0.69199863E-02 0.14691685E-01
 0.40299487E-03 0.24127932E-02 0.74769938E-02 0.21935903E-01 0.21444314E-01 0.45527996E-01
 0.11823009E-02 0.70786200E-02 0.21935903E-01 0.64355254E-01 0.62913036E-01 0.13356942    
 0.11558052E-02 0.69199863E-02 0.21444314E-01 0.62913036E-01 0.61503139E-01 0.13057609    
 0.24538671E-02 0.14691685E-01 0.45527996E-01 0.13356942     0.13057609     0.27722351    
 
[J]=
 0.88685112     0.54242372     0.24869955     0.11711344     0.58527692E-01 0.30268990E-01
 0.54242372     0.85445138     0.62860008     0.35259498     0.18774088     0.99527145E-01
 0.24869955     0.62860008     0.78574967     0.61267838     0.38039725     0.21560266    
 0.11711344     0.35259498     0.61267838     0.67929509     0.53791829     0.34800337    
 0.58527692E-01 0.18774088     0.38039725     0.53791829     0.54986915     0.43140419    
 0.30268990E-01 0.99527145E-01 0.21560266     0.34800337     0.43140419     0.41695182    
 
[Vxc] =
-0.51427348    -0.31659520    -0.14498655    -0.68243118E-01-0.34099076E-01-0.17634039E-01
-0.31659520    -0.48006974    -0.34428010    -0.19121974    -0.10144779    -0.53704191E-01
-0.14498655    -0.34428010    -0.40616787    -0.30667758    -0.18763806    -0.10567610    
-0.68243118E-01-0.19121974    -0.30667758    -0.31977055    -0.24373610    -0.15450666    
-0.34099076E-01-0.10144779    -0.18763806    -0.24373610    -0.23219373    -0.17319896    
-0.17634039E-01-0.53704191E-01-0.10567610    -0.15450666    -0.17319896    -0.15171733    
 
[F'] =
  61.525045     -20.990338      5.3582723     -3.4143389      1.3382540    -0.43530621    
 -20.990338      19.842794     -7.9279146      2.3233765     -1.2976121     0.28869672    
  5.3582723     -7.9279146      6.7827468     -2.9921884     0.67780187    -0.28270563    
 -3.4143389      2.3233765     -2.9921884      2.4962272     -1.0322519     0.67866166E-01
  1.3382540     -1.2976121     0.67780187     -1.0322519     0.76116935    -0.23770705    
-0.43530621     0.28869672    -0.28270563     0.67866166E-01-0.23770705     0.79951854E-01
 
[C'] =
 0.33561236E-01-0.26895177E-01-0.57129582E-01 0.92290619E-01 0.40057241     0.90879629    
 0.11850952    -0.10816523    -0.17874694     0.50827298     0.72847409    -0.39152188    
 0.27098115    -0.23210763    -0.51652007     0.55861127    -0.52716915     0.12628707    
 0.44633255    -0.43040014    -0.43436801    -0.62973221     0.16191405    -0.63942106E-01
 0.56810939    -0.38047784     0.70979722     0.15310308    -0.67327576E-01 0.26508182E-01
 0.62404914     0.77697832    -0.74196287E-01-0.33034286E-01 0.14518082E-01-0.77602451E-02
 
Orbital    1  Energy =  -0.17925326                                                                 
Orbital    2  Energy =   0.21809146                                                                 
Orbital    3  Energy =   1.14354083                                                                 
Orbital    4  Energy =   4.03014106                                                                 
Orbital    5  Energy =  14.67987213                                                                 
Orbital    6  Energy =  71.59554201                                                                 

[F] =
  44.146406      5.8874032    -0.37592496    -0.60927645    -0.37681675    -0.20906223    
  5.8874032      6.0715566      1.0461443    -0.39241493    -0.42062662    -0.26866327    
-0.37592496      1.0461443     0.95871885     0.62569584E-02-0.31336674    -0.26917583    
-0.60927645    -0.39241493     0.62569584E-02 0.35927445E-01-0.15375726    -0.20879138    
-0.37681675    -0.42062662    -0.31336674    -0.15375726    -0.10446854    -0.13038554    
-0.20906223    -0.26866327    -0.26917583    -0.20879138    -0.13038554    -0.89506959E-01
 
[C] =
 0.46605297E-02-0.54252465E-02-0.12299805E-02 0.33326202E-01-0.67773421E-01  1.3947905    
 0.27903338E-01-0.51040702E-02-0.10014365    -0.15507830      1.9353672     -1.4798715    
 0.86469367E-01-0.18759172     0.24124213      2.4833082     -2.7506817      1.2237526    
 0.25368309     0.26382374     -2.6861246     -3.8350283      2.2940823    -0.91998713    
 0.24799694     -2.0307466      3.7848457      2.7230064     -1.3579689     0.54623985    
 0.52652202      2.0349259     -1.6471646    -0.90890067     0.43983871    -0.17987695    
 
